
  .   ____          _            __ _ _
 /\\ / ___'_ __ _ _(_)_ __  __ _ \ \ \ \
( ( )\___ | '_ | '_| | '_ \/ _` | \ \ \ \
 \\/  ___)| |_)| | | | | || (_| |  ) ) ) )
  '  |____| .__|_| |_|_| |_\__, | / / / /
 =========|_|==============|___/=/_/_/_/

 :: Spring Boot ::                (v3.3.5)

2025-11-26T22:54:27.670+07:00  INFO 24912 --- [cinema-backend] [  restartedMain] c.c.h.backend.CinemaBackendApplication   : Starting CinemaBackendApplication using Java 21.0.7 with PID 24912 (D:\CODING HUB\cinema-backend\target\classes started by Huy in D:\CODING HUB\cinema-backend)
2025-11-26T22:54:27.672+07:00  INFO 24912 --- [cinema-backend] [  restartedMain] c.c.h.backend.CinemaBackendApplication   : No active profile set, falling back to 1 default profile: "default"
2025-11-26T22:54:27.706+07:00  INFO 24912 --- [cinema-backend] [  restartedMain] .e.DevToolsPropertyDefaultsPostProcessor : Devtools property defaults active! Set 'spring.devtools.add-properties' to 'false' to disable
2025-11-26T22:54:27.706+07:00  INFO 24912 --- [cinema-backend] [  restartedMain] .e.DevToolsPropertyDefaultsPostProcessor : For additional web related logging consider setting the 'logging.level.web' property to 'DEBUG'
2025-11-26T22:54:28.352+07:00  INFO 24912 --- [cinema-backend] [  restartedMain] .s.d.r.c.RepositoryConfigurationDelegate : Bootstrapping Spring Data JPA repositories in DEFAULT mode.
2025-11-26T22:54:28.421+07:00  INFO 24912 --- [cinema-backend] [  restartedMain] .s.d.r.c.RepositoryConfigurationDelegate : Finished Spring Data repository scanning in 62 ms. Found 14 JPA repository interfaces.
2025-11-26T22:54:28.954+07:00  INFO 24912 --- [cinema-backend] [  restartedMain] o.s.b.w.embedded.tomcat.TomcatWebServer  : Tomcat initialized with port 8080 (http)
2025-11-26T22:54:28.965+07:00  INFO 24912 --- [cinema-backend] [  restartedMain] o.apache.catalina.core.StandardService   : Starting service [Tomcat]
2025-11-26T22:54:28.965+07:00  INFO 24912 --- [cinema-backend] [  restartedMain] o.apache.catalina.core.StandardEngine    : Starting Servlet engine: [Apache Tomcat/10.1.31]
2025-11-26T22:54:28.993+07:00  INFO 24912 --- [cinema-backend] [  restartedMain] o.a.c.c.C.[Tomcat].[localhost].[/]       : Initializing Spring embedded WebApplicationContext
2025-11-26T22:54:28.994+07:00  INFO 24912 --- [cinema-backend] [  restartedMain] w.s.c.ServletWebServerApplicationContext : Root WebApplicationContext: initialization completed in 1286 ms
2025-11-26T22:54:29.186+07:00  INFO 24912 --- [cinema-backend] [  restartedMain] o.hibernate.jpa.internal.util.LogHelper  : HHH000204: Processing PersistenceUnitInfo [name: default]
2025-11-26T22:54:29.215+07:00  INFO 24912 --- [cinema-backend] [  restartedMain] org.hibernate.Version                    : HHH000412: Hibernate ORM core version 6.5.3.Final
2025-11-26T22:54:29.233+07:00  INFO 24912 --- [cinema-backend] [  restartedMain] o.h.c.internal.RegionFactoryInitiator    : HHH000026: Second-level cache disabled
2025-11-26T22:54:29.402+07:00  INFO 24912 --- [cinema-backend] [  restartedMain] o.s.o.j.p.SpringPersistenceUnitInfo      : No LoadTimeWeaver setup: ignoring JPA class transformer
2025-11-26T22:54:29.423+07:00  INFO 24912 --- [cinema-backend] [  restartedMain] com.zaxxer.hikari.HikariDataSource       : HikariPool-1 - Starting...
2025-11-26T22:54:29.609+07:00  INFO 24912 --- [cinema-backend] [  restartedMain] com.zaxxer.hikari.pool.HikariPool        : HikariPool-1 - Added connection ConnectionID:1 ClientConnectionId: 63a19368-fbbe-4424-81ba-b51766043aff
2025-11-26T22:54:29.613+07:00  INFO 24912 --- [cinema-backend] [  restartedMain] com.zaxxer.hikari.HikariDataSource       : HikariPool-1 - Start completed.
2025-11-26T22:54:29.629+07:00  WARN 24912 --- [cinema-backend] [  restartedMain] org.hibernate.orm.deprecation            : HHH90000025: SQLServerDialect does not need to be specified explicitly using 'hibernate.dialect' (remove the property setting and it will be selected by default)
2025-11-26T22:54:30.662+07:00  INFO 24912 --- [cinema-backend] [  restartedMain] o.h.e.t.j.p.i.JtaPlatformInitiator       : HHH000489: No JTA platform available (set 'hibernate.transaction.jta.platform' to enable JTA platform integration)
2025-11-26T22:54:30.669+07:00  INFO 24912 --- [cinema-backend] [  restartedMain] j.LocalContainerEntityManagerFactoryBean : Initialized JPA EntityManagerFactory for persistence unit 'default'
2025-11-26T22:54:31.222+07:00  INFO 24912 --- [cinema-backend] [  restartedMain] o.s.d.j.r.query.QueryEnhancerFactory     : Hibernate is in classpath; If applicable, HQL parser will be used.
2025-11-26T22:54:32.066+07:00  WARN 24912 --- [cinema-backend] [  restartedMain] JpaBaseConfiguration$JpaWebConfiguration : spring.jpa.open-in-view is enabled by default. Therefore, database queries may be performed during view rendering. Explicitly configure spring.jpa.open-in-view to disable this warning
2025-11-26T22:54:32.138+07:00  INFO 24912 --- [cinema-backend] [  restartedMain] r$InitializeUserDetailsManagerConfigurer : Global AuthenticationManager configured with UserDetailsService bean with name customUserDetailsService
2025-11-26T22:54:32.318+07:00  INFO 24912 --- [cinema-backend] [  restartedMain] o.s.b.a.w.s.WelcomePageHandlerMapping    : Adding welcome page template: index
2025-11-26T22:54:32.730+07:00  INFO 24912 --- [cinema-backend] [  restartedMain] o.s.b.a.e.web.EndpointLinksResolver      : Exposing 1 endpoint beneath base path '/actuator'
2025-11-26T22:54:33.261+07:00  WARN 24912 --- [cinema-backend] [  restartedMain] o.s.b.d.a.OptionalLiveReloadServer       : Unable to start LiveReload server
2025-11-26T22:54:33.324+07:00  WARN 24912 --- [cinema-backend] [  restartedMain] ConfigServletWebServerApplicationContext : Exception encountered during context initialization - cancelling refresh attempt: org.springframework.context.ApplicationContextException: Failed to start bean 'webServerStartStop'
2025-11-26T22:54:33.333+07:00  INFO 24912 --- [cinema-backend] [  restartedMain] j.LocalContainerEntityManagerFactoryBean : Closing JPA EntityManagerFactory for persistence unit 'default'
2025-11-26T22:54:33.338+07:00  INFO 24912 --- [cinema-backend] [  restartedMain] com.zaxxer.hikari.HikariDataSource       : HikariPool-1 - Shutdown initiated...
2025-11-26T22:54:33.341+07:00  INFO 24912 --- [cinema-backend] [  restartedMain] com.zaxxer.hikari.HikariDataSource       : HikariPool-1 - Shutdown completed.
2025-11-26T22:54:33.355+07:00  INFO 24912 --- [cinema-backend] [  restartedMain] .s.b.a.l.ConditionEvaluationReportLogger : 

Error starting ApplicationContext. To display the condition evaluation report re-run your application with 'debug' enabled.
2025-11-26T22:54:33.377+07:00 ERROR 24912 --- [cinema-backend] [  restartedMain] o.s.b.d.LoggingFailureAnalysisReporter   : 

***************************
APPLICATION FAILED TO START
***************************

Description:

Web server failed to start. Port 8080 was already in use.

Action:

Identify and stop the process that's listening on port 8080 or configure this application to listen on another port.

